0 info it worked if it ends with ok
1 verbose cli [ 'node', '/usr/local/bin/npm', 'install', '-g', 'wscat' ]
2 info using npm@1.4.28
3 info using node@v0.10.33
4 verbose cache add [ 'wscat', null ]
5 verbose cache add name=undefined spec="wscat" args=["wscat",null]
6 verbose parsed url { protocol: null,
6 verbose parsed url   slashes: null,
6 verbose parsed url   auth: null,
6 verbose parsed url   host: null,
6 verbose parsed url   port: null,
6 verbose parsed url   hostname: null,
6 verbose parsed url   hash: null,
6 verbose parsed url   search: null,
6 verbose parsed url   query: null,
6 verbose parsed url   pathname: 'wscat',
6 verbose parsed url   path: 'wscat',
6 verbose parsed url   href: 'wscat' }
7 silly lockFile 5e8e4f6f-wscat wscat
8 verbose lock wscat /Users/eternitysst/.npm/5e8e4f6f-wscat.lock
9 silly lockFile 5e8e4f6f-wscat wscat
10 silly lockFile 5e8e4f6f-wscat wscat
11 verbose addNamed [ 'wscat', '' ]
12 verbose addNamed [ null, '*' ]
13 silly lockFile ae1260ff-wscat wscat@
14 verbose lock wscat@ /Users/eternitysst/.npm/ae1260ff-wscat.lock
15 silly addNameRange { name: 'wscat', range: '*', hasData: false }
16 verbose request where is /wscat
17 verbose request registry https://registry.npmjs.org/
18 verbose request id 859c479652569948
19 verbose url raw /wscat
20 verbose url resolving [ 'https://registry.npmjs.org/', './wscat' ]
21 verbose url resolved https://registry.npmjs.org/wscat
22 verbose request where is https://registry.npmjs.org/wscat
23 info trying registry request attempt 1 at 22:08:58
24 http GET https://registry.npmjs.org/wscat
25 http 200 https://registry.npmjs.org/wscat
26 silly registry.get cb [ 200,
26 silly registry.get   { server: 'CouchDB/1.5.0 (Erlang OTP/R16B03)',
26 silly registry.get     etag: '"21O9GJCBU1ZV213NH9EFRVDOH"',
26 silly registry.get     'content-type': 'application/json',
26 silly registry.get     'cache-control': 'max-age=60',
26 silly registry.get     'content-length': '1842',
26 silly registry.get     'accept-ranges': 'bytes',
26 silly registry.get     date: 'Sat, 13 Jun 2015 14:09:00 GMT',
26 silly registry.get     via: '1.1 varnish',
26 silly registry.get     age: '0',
26 silly registry.get     connection: 'keep-alive',
26 silly registry.get     'x-served-by': 'cache-sin6920-SIN',
26 silly registry.get     'x-cache': 'MISS',
26 silly registry.get     'x-cache-hits': '0',
26 silly registry.get     'x-timer': 'S1434204539.631243,VS0,VE837',
26 silly registry.get     vary: 'Accept' } ]
27 silly addNameRange number 2 { name: 'wscat', range: '*', hasData: true }
28 silly addNameRange versions [ 'wscat', [ '1.0.0' ] ]
29 verbose addNamed [ 'wscat', '1.0.0' ]
30 verbose addNamed [ '1.0.0', '1.0.0' ]
31 silly lockFile 6ed80349-wscat-1-0-0 wscat@1.0.0
32 verbose lock wscat@1.0.0 /Users/eternitysst/.npm/6ed80349-wscat-1-0-0.lock
33 silly lockFile 1d581dab--npmjs-org-wscat-wscat-1-0-0-tgz https://registry.npmjs.org/wscat/-/wscat-1.0.0.tgz
34 verbose lock https://registry.npmjs.org/wscat/-/wscat-1.0.0.tgz /Users/eternitysst/.npm/1d581dab--npmjs-org-wscat-wscat-1-0-0-tgz.lock
35 verbose addRemoteTarball [ 'https://registry.npmjs.org/wscat/-/wscat-1.0.0.tgz',
35 verbose addRemoteTarball   'cd0474737f684384dd38993407786b081179e84a' ]
36 info retry fetch attempt 1 at 22:09:00
37 verbose fetch to= /var/folders/8w/s8jvzyd90h74c46hx0kyn9mm0000gp/T/npm-1279-HfrjsyvX/registry.npmjs.org/wscat/-/wscat-1.0.0.tgz
38 http GET https://registry.npmjs.org/wscat/-/wscat-1.0.0.tgz
39 http 200 https://registry.npmjs.org/wscat/-/wscat-1.0.0.tgz
40 silly lockFile 1d581dab--npmjs-org-wscat-wscat-1-0-0-tgz https://registry.npmjs.org/wscat/-/wscat-1.0.0.tgz
41 silly lockFile 1d581dab--npmjs-org-wscat-wscat-1-0-0-tgz https://registry.npmjs.org/wscat/-/wscat-1.0.0.tgz
42 silly lockFile 6ed80349-wscat-1-0-0 wscat@1.0.0
43 silly lockFile 6ed80349-wscat-1-0-0 wscat@1.0.0
44 silly lockFile ae1260ff-wscat wscat@
45 silly lockFile ae1260ff-wscat wscat@
46 silly resolved [ { name: 'wscat',
46 silly resolved     version: '1.0.0',
46 silly resolved     description: 'WebSocket cat',
46 silly resolved     main: 'index.js',
46 silly resolved     scripts: { test: 'echo "Error: no test specified" && exit 1' },
46 silly resolved     repository:
46 silly resolved      { type: 'git',
46 silly resolved        url: 'https://github.com/einaros/ws/tree/master/wscat' },
46 silly resolved     keywords: [ 'wscat', 'websocket', 'cat' ],
46 silly resolved     author: { name: 'Arnout Kazemier, Einar Otto Stangvik' },
46 silly resolved     license: 'MIT',
46 silly resolved     dependencies: { commander: '2.5.x', tinycolor: '0.0.x', ws: '0.4.x' },
46 silly resolved     bin: { wscat: './bin/wscat' },
46 silly resolved     _id: 'wscat@1.0.0',
46 silly resolved     _shasum: 'cd0474737f684384dd38993407786b081179e84a',
46 silly resolved     _from: 'wscat@',
46 silly resolved     _npmVersion: '1.4.28',
46 silly resolved     _npmUser: { name: 'V1', email: 'info@3rd-Eden.com' },
46 silly resolved     maintainers: [ [Object] ],
46 silly resolved     dist:
46 silly resolved      { shasum: 'cd0474737f684384dd38993407786b081179e84a',
46 silly resolved        tarball: 'http://registry.npmjs.org/wscat/-/wscat-1.0.0.tgz' },
46 silly resolved     directories: {},
46 silly resolved     _resolved: 'https://registry.npmjs.org/wscat/-/wscat-1.0.0.tgz' } ]
47 info install wscat@1.0.0 into /usr/local/lib
48 info installOne wscat@1.0.0
49 verbose lib/node_modules/wscat unbuild
50 verbose tar unpack /Users/eternitysst/.npm/wscat/1.0.0/package.tgz
51 silly lockFile 53cb46c4-usr-local-lib-node-modules-wscat tar:///usr/local/lib/node_modules/wscat
52 verbose lock tar:///usr/local/lib/node_modules/wscat /Users/eternitysst/.npm/53cb46c4-usr-local-lib-node-modules-wscat.lock
53 silly lockFile f08be0e7-ysst-npm-wscat-1-0-0-package-tgz tar:///Users/eternitysst/.npm/wscat/1.0.0/package.tgz
54 verbose lock tar:///Users/eternitysst/.npm/wscat/1.0.0/package.tgz /Users/eternitysst/.npm/f08be0e7-ysst-npm-wscat-1-0-0-package-tgz.lock
55 silly gunzTarPerm modes [ '755', '644' ]
56 error Error: EACCES, mkdir '/usr/local/lib/node_modules/wscat'
56 error  { [Error: EACCES, mkdir '/usr/local/lib/node_modules/wscat']
56 error   errno: 3,
56 error   code: 'EACCES',
56 error   path: '/usr/local/lib/node_modules/wscat',
56 error   fstream_type: 'Directory',
56 error   fstream_path: '/usr/local/lib/node_modules/wscat',
56 error   fstream_class: 'DirWriter',
56 error   fstream_stack:
56 error    [ '/usr/local/lib/node_modules/npm/node_modules/fstream/lib/dir-writer.js:36:23',
56 error      '/usr/local/lib/node_modules/npm/node_modules/mkdirp/index.js:46:53',
56 error      'Object.oncomplete (fs.js:107:15)' ] }
57 error Please try running this command again as root/Administrator.
58 error System Darwin 13.4.0
59 error command "node" "/usr/local/bin/npm" "install" "-g" "wscat"
60 error cwd /Users/eternitysst/Sites/volumechat/server
61 error node -v v0.10.33
62 error npm -v 1.4.28
63 error path /usr/local/lib/node_modules/wscat
64 error fstream_path /usr/local/lib/node_modules/wscat
65 error fstream_type Directory
66 error fstream_class DirWriter
67 error code EACCES
68 error errno 3
69 error stack Error: EACCES, mkdir '/usr/local/lib/node_modules/wscat'
70 error fstream_stack /usr/local/lib/node_modules/npm/node_modules/fstream/lib/dir-writer.js:36:23
70 error fstream_stack /usr/local/lib/node_modules/npm/node_modules/mkdirp/index.js:46:53
70 error fstream_stack Object.oncomplete (fs.js:107:15)
71 verbose exit [ 3, true ]
